<?xml version="1.0" encoding="UTF-8"?>
<!-- Generated by org.testng.reporters.JUnitXMLReporter -->
<testsuite hostname="CTNL0025" ignored="1" name="DefaultTest" tests="2" failures="0" timestamp="16 Apr 2020 01:27:20 GMT" time="37.635" errors="0">
  <testcase name="loginApplication" time="16.456" classname="setupEnvironment.Test_Loginapplication"/>
  <testcase name="selectLoginUser" time="21.142" classname="setupEnvironment.Test_Loginapplication"/>
  <testcase name="@BeforeSuite setup" time="0.0" classname="baseClass.Mainclass">
    <ignored/>
  </testcase> <!-- @BeforeSuite setup -->
</testsuite> <!-- DefaultTest -->
