<?xml version="1.0" encoding="UTF-8"?>
<!-- Generated by org.testng.reporters.JUnitXMLReporter -->
<testsuite hostname="DESKTOP-RD79HJS" ignored="2" tests="0" failures="0" timestamp="2020-05-02T18:05:13 IST" time="0.081" errors="0">
  <testcase name="@BeforeSuite setup" time="0.0" classname="baseClass.Mainclass">
    <ignored/>
  </testcase> <!-- @BeforeSuite setup -->
  <testcase name="@BeforeSuite setup" time="0.0" classname="baseClass.Mainclass">
    <ignored/>
  </testcase> <!-- @BeforeSuite setup -->
</testsuite>
