<?xml version="1.0" encoding="UTF-8"?>
<!-- Generated by org.testng.reporters.JUnitXMLReporter -->
<testsuite hostname="CTNL0025" ignored="0" name="MainFlow" tests="3" failures="0" timestamp="22 Apr 2020 05:17:22 GMT" time="85.319" errors="0">
  <testcase name="loginApplication" time="16.024" classname="setupEnvironment.Test_Loginapplication"/>
  <testcase name="selectLoginUser" time="66.21" classname="setupEnvironment.Test_Loginapplication"/>
  <testcase name="selectproject" time="3.038" classname="setupEnvironment.Test_Loginapplication"/>
</testsuite> <!-- MainFlow -->
