<?xml version="1.0" encoding="UTF-8"?>
<!-- Generated by org.testng.reporters.JUnitXMLReporter -->
<testsuite hostname="CTNL0025" ignored="0" name="MainFlow" tests="3" failures="0" timestamp="25 Apr 2020 09:34:46 GMT" time="115.748" errors="0">
  <testcase name="loginApplication" time="42.184" classname="setupEnvironment.Test_Loginapplication"/>
  <testcase name="selectLoginUser" time="63.768" classname="setupEnvironment.Test_Loginapplication"/>
  <testcase name="selectproject" time="9.691" classname="setupEnvironment.Test_Loginapplication"/>
</testsuite> <!-- MainFlow -->
