<?xml version="1.0" encoding="UTF-8"?>
<!-- Generated by org.testng.reporters.JUnitXMLReporter -->
<testsuite hostname="CTNL0025" ignored="0" name="Test" tests="1" failures="1" timestamp="08 Apr 2020 18:45:45 GMT" time="0.072" errors="0">
  <testcase name="loginApplication" time="0.021" classname="setupEnvironment.Test_Loginapplication">
    <failure type="java.lang.NullPointerException">
      <![CDATA[java.lang.NullPointerException
at baseClass.CommonMethod.typeTextOnEditBox(CommonMethod.java:14)
at setupPages.OR_LoginPage.logintoApplication(OR_LoginPage.java:36)
at setupEnvironment.Test_Loginapplication.loginApplication(Test_Loginapplication.java:13)
... Removed 25 stack frames]]>
    </failure>
  </testcase> <!-- loginApplication -->
</testsuite> <!-- Test -->
