<?xml version="1.0" encoding="UTF-8"?>
<!-- Generated by org.testng.reporters.JUnitXMLReporter -->
<testsuite hostname="CTNL0025" ignored="1" name="Test" tests="3" failures="2" timestamp="13 Apr 2020 19:06:41 GMT" time="23.485" errors="0">
  <testcase name="loginApplication" time="22.282" classname="setupEnvironment.Test_Loginapplication"/>
  <testcase name="loginApplication" time="22.295" classname="setupEnvironment.Test_Loginapplication">
    <failure type="java.lang.NullPointerException">
      <![CDATA[java.lang.NullPointerException
at utilityClass.ListenerClass.onTestSuccess(ListenerClass.java:26)
... Removed 22 stack frames]]>
    </failure>
  </testcase> <!-- loginApplication -->
  <testcase name="testFail" time="0.003" classname="setupEnvironment.Test_Loginapplication">
    <failure type="java.lang.AssertionError" message="expected [false] but found [true]">
      <![CDATA[java.lang.AssertionError: expected [false] but found [true]
at setupEnvironment.Test_Loginapplication.testFail(Test_Loginapplication.java:25)
... Removed 31 stack frames]]>
    </failure>
  </testcase> <!-- testFail -->
  <testcase name="@BeforeSuite setup" time="0.0" classname="baseClass.Mainclass">
    <ignored/>
  </testcase> <!-- @BeforeSuite setup -->
</testsuite> <!-- Test -->
